<?xml version="1.0" encoding="UTF-8"?>
<!DOCTYPE log4j:configuration SYSTEM "http://logging.apache.org/log4j/1.2/apidocs/org/apache/log4j/xml/doc-files/log4j.dtd">
<log4j:configuration xmlns:log4j="http://jakarta.apache.org/log4j/">
	<appender name="stdout" class="org.apache.log4j.ConsoleAppender">
		<layout class="org.apache.log4j.PatternLayout">
			<param name="ConversionPattern" value="%d{ABSOLUTE} %5p %c{1}:%L - %m%n" />
		</layout>
	</appender>
	
	<logger name="org.hibernate">
		<level value="debug" />
	</logger>
	<logger name="org.springframework">
		<level value="debug" />
	</logger>	
	
	<root>
		<level value="trace" />
		<appender-ref ref="stdout" />
	</root>
</log4j:configuration>